Using pre-set license
Built from '2020.2/staging' branch; Version is '2020.2.6f1 (8a2143876886) revision 9052483'; Using compiler version '192528614'; Build Type 'Release'
OS: 'Windows 10 Home Single Language; OS build 18363.1440; Version 1909; 64bit' Language: 'es' Physical Memory: 11213 MB
BatchMode: 1, IsHumanControllingUs: 0, StartBugReporterOnCrash: 0, Is64bit: 1, IsPro: 0

 COMMAND LINE ARGUMENTS:
C:\Program Files\Unity\Hub\Editor\2020.2.6f1\Editor\Unity.exe
-adb2
-batchMode
-noUpm
-name
AssetImportWorker0
-projectPath
C:/Users/Cristian Benavides/Documents/PROYECTOS UNITY OTRAS VERSIONES/ProyectoRobot2
-logFile
Logs/AssetImportWorker0.log
-srvPort
61887
Successfully changed project path to: C:/Users/Cristian Benavides/Documents/PROYECTOS UNITY OTRAS VERSIONES/ProyectoRobot2
C:/Users/Cristian Benavides/Documents/PROYECTOS UNITY OTRAS VERSIONES/ProyectoRobot2
Using Asset Import Pipeline V2.
Refreshing native plugins compatible for Editor in 524.15 ms, found 0 plugins.
Preloading 0 native plugins for Editor in 0.00 ms.
Initialize engine version: 2020.2.6f1 (8a2143876886)
[Subsystems] Discovering subsystems at path C:/Program Files/Unity/Hub/Editor/2020.2.6f1/Editor/Data/Resources/UnitySubsystems
[Subsystems] Discovering subsystems at path C:/Users/Cristian Benavides/Documents/PROYECTOS UNITY OTRAS VERSIONES/ProyectoRobot2/Assets
GfxDevice: creating device client; threaded=0
Direct3D:
    Version:  Direct3D 11.0 [level 11.1]
    Renderer: AMD Radeon R7 Graphics (ID=0x9874)
    Vendor:   
    VRAM:     5606 MB
    Driver:   27.20.14501.28009
Initialize mono
Mono path[0] = 'C:/Program Files/Unity/Hub/Editor/2020.2.6f1/Editor/Data/Managed'
Mono path[1] = 'C:/Program Files/Unity/Hub/Editor/2020.2.6f1/Editor/Data/MonoBleedingEdge/lib/mono/unityjit'
Mono config path = 'C:/Program Files/Unity/Hub/Editor/2020.2.6f1/Editor/Data/MonoBleedingEdge/etc'
Using monoOptions --debugger-agent=transport=dt_socket,embedding=1,server=y,suspend=n,address=127.0.0.1:56756
Begin MonoManager ReloadAssembly
Registering precompiled unity dll's ...
Register platform support module: C:/Program Files/Unity/Hub/Editor/2020.2.6f1/Editor/Data/PlaybackEngines/WindowsStandaloneSupport/UnityEditor.WindowsStandalone.Extensions.dll
Registered in 0.008479 seconds.
Native extension for WindowsStandalone target not found
Refreshing native plugins compatible for Editor in 103.19 ms, found 0 plugins.
Preloading 0 native plugins for Editor in 0.00 ms.
Invoked RoslynAnalysisRunner static constructor.
RoslynAnalysisRunner will not be running.
RoslynAnalysisRunner has terminated.
Mono: successfully reloaded assembly
- Completed reload, in  5.741 seconds
Platform modules already initialized, skipping
Registering precompiled user dll's ...
Registered in 0.002544 seconds.
Begin MonoManager ReloadAssembly
Native extension for WindowsStandalone target not found
Refreshing native plugins compatible for Editor in 4.31 ms, found 0 plugins.
Preloading 0 native plugins for Editor in 0.00 ms.
Invoked RoslynAnalysisRunner static constructor.
RoslynAnalysisRunner will not be running.
RoslynAnalysisRunner has terminated.
Mono: successfully reloaded assembly
- Completed reload, in  5.777 seconds
Platform modules already initialized, skipping
========================================================================
Worker process is ready to serve import requests
Launched and connected shader compiler UnityShaderCompiler.exe after 0.22 seconds
Refreshing native plugins compatible for Editor in 0.61 ms, found 0 plugins.
Preloading 0 native plugins for Editor in 0.00 ms.
Unloading 1256 Unused Serialized files (Serialized files now loaded: 0)
System memory in use before: 63.2 MB.
System memory in use after: 63.3 MB.

Unloading 10 unused Assets to reduce memory usage. Loaded Objects now: 1704.
Total: 6.616500 ms (FindLiveObjects: 0.361100 ms CreateObjectMapping: 0.074200 ms MarkObjects: 5.987500 ms  DeleteObjects: 0.190200 ms)

========================================================================
Received Import Request.
  path: Assets/Materials 3D/Dioramas/tutorial.fbx
  artifactKey: Guid(0b36dbf4016056b4dbf5391c29c6a6d1) Importer(815301076,1909f56bfc062723c751e8b465ee728b)
Start importing Assets/Materials 3D/Dioramas/tutorial.fbx using Guid(0b36dbf4016056b4dbf5391c29c6a6d1) Importer(815301076,1909f56bfc062723c751e8b465ee728b)  -> (artifact id: 'd0c5d6c186c742c230165cd3e2ff87c4') in 1.338053 seconds
  Import took 1.357598 seconds .

========================================================================
Received Prepare
Registering precompiled user dll's ...
Registered in 0.003417 seconds.
Begin MonoManager ReloadAssembly
Native extension for WindowsStandalone target not found
Refreshing native plugins compatible for Editor in 0.79 ms, found 0 plugins.
Preloading 0 native plugins for Editor in 0.00 ms.
Invoked RoslynAnalysisRunner static constructor.
RoslynAnalysisRunner will not be running.
RoslynAnalysisRunner has terminated.
Mono: successfully reloaded assembly
- Completed reload, in 15.714 seconds
Platform modules already initialized, skipping
Refreshing native plugins compatible for Editor in 0.63 ms, found 0 plugins.
Preloading 0 native plugins for Editor in 0.00 ms.
Unloading 1250 Unused Serialized files (Serialized files now loaded: 0)
System memory in use before: 66.7 MB.
System memory in use after: 66.8 MB.

Unloading 5 unused Assets to reduce memory usage. Loaded Objects now: 1750.
Total: 19.251500 ms (FindLiveObjects: 0.406700 ms CreateObjectMapping: 0.099400 ms MarkObjects: 18.086200 ms  DeleteObjects: 0.654200 ms)

========================================================================
Received Import Request.
  Time since last request: 1496.813404 seconds.
  path: Assets/Materials 3D/Dioramas/New_tutorial_bot.obj
  artifactKey: Guid(d8dae9d0fa673724090c77de5106581c) Importer(815301076,1909f56bfc062723c751e8b465ee728b)
Start importing Assets/Materials 3D/Dioramas/New_tutorial_bot.obj using Guid(d8dae9d0fa673724090c77de5106581c) Importer(815301076,1909f56bfc062723c751e8b465ee728b)  -> (artifact id: 'f7b03821750cc56d439febce9cb35979') in 0.937770 seconds
  Import took 0.975119 seconds .

========================================================================
Received Import Request.
  Time since last request: 222.444413 seconds.
  path: Assets/Materials 3D/Dioramas/new_tutorial.fbx
  artifactKey: Guid(68e4396cac3663d428758960a66a7cd5) Importer(815301076,1909f56bfc062723c751e8b465ee728b)
Start importing Assets/Materials 3D/Dioramas/new_tutorial.fbx using Guid(68e4396cac3663d428758960a66a7cd5) Importer(815301076,1909f56bfc062723c751e8b465ee728b)  -> (artifact id: '421dd62a2b6e6a7b74db678e30bd287a') in 0.269354 seconds
  Import took 0.294410 seconds .

========================================================================
Received Import Request.
  Time since last request: 85.114163 seconds.
  path: Assets/Materials 3D/Dioramas/new_tutorial (1).fbx
  artifactKey: Guid(df871ac61474a8149afc5eeaf33ad233) Importer(815301076,1909f56bfc062723c751e8b465ee728b)
Start importing Assets/Materials 3D/Dioramas/new_tutorial (1).fbx using Guid(df871ac61474a8149afc5eeaf33ad233) Importer(815301076,1909f56bfc062723c751e8b465ee728b)  -> (artifact id: '4fc36b7197a222a6cfebefdd18dfa5d7') in 0.295722 seconds
  Import took 0.309459 seconds .

========================================================================
Received Import Request.
  Time since last request: 187.740975 seconds.
  path: Assets/New Scene.unity
  artifactKey: Guid(f62fb750695a2b64bbf7aff4038df4fb) Importer(815301076,1909f56bfc062723c751e8b465ee728b)
Start importing Assets/New Scene.unity using Guid(f62fb750695a2b64bbf7aff4038df4fb) Importer(815301076,1909f56bfc062723c751e8b465ee728b)  -> (artifact id: '088cb3b2a267280f6f12419fce26cfa8') in 0.061713 seconds
  Import took 0.101033 seconds .

========================================================================
Received Import Request.
  Time since last request: 46.029340 seconds.
  path: Assets/Scenes/Level 2.unity
  artifactKey: Guid(435ff38f37abc9f49b51465be48e8184) Importer(815301076,1909f56bfc062723c751e8b465ee728b)
Start importing Assets/Scenes/Level 2.unity using Guid(435ff38f37abc9f49b51465be48e8184) Importer(815301076,1909f56bfc062723c751e8b465ee728b)  -> (artifact id: '7af0765b0f7bc6c59a4914ac2c0ad8dc') in 0.050609 seconds
  Import took 0.085206 seconds .

========================================================================
Received Import Request.
  Time since last request: 6.793390 seconds.
  path: Assets/New Scene.unity
  artifactKey: Guid(f62fb750695a2b64bbf7aff4038df4fb) Importer(815301076,1909f56bfc062723c751e8b465ee728b)
Start importing Assets/New Scene.unity using Guid(f62fb750695a2b64bbf7aff4038df4fb) Importer(815301076,1909f56bfc062723c751e8b465ee728b)  -> (artifact id: '568e46987a6571e1d399dd4e2593a8e4') in 0.035128 seconds
  Import took 0.046487 seconds .

========================================================================
Received Import Request.
  Time since last request: 271.461850 seconds.
  path: Assets/pruebamundo.fbx
  artifactKey: Guid(d7a922d72106f1b40ae7e5e72afd5381) Importer(815301076,1909f56bfc062723c751e8b465ee728b)
Start importing Assets/pruebamundo.fbx using Guid(d7a922d72106f1b40ae7e5e72afd5381) Importer(815301076,1909f56bfc062723c751e8b465ee728b)  -> (artifact id: '004a8acc56337eb1cbc9dc3cc1a2457f') in 0.231236 seconds
  Import took 0.241519 seconds .

AssetImportWorkerClient::OnTransportError - code=2 error=End of file
