Using pre-set license
Built from '2020.2/staging' branch; Version is '2020.2.6f1 (8a2143876886) revision 9052483'; Using compiler version '192528614'; Build Type 'Release'
OS: 'Windows 10 Home Single Language; OS build 18363.1440; Version 1909; 64bit' Language: 'es' Physical Memory: 11213 MB
BatchMode: 1, IsHumanControllingUs: 0, StartBugReporterOnCrash: 0, Is64bit: 1, IsPro: 0

 COMMAND LINE ARGUMENTS:
C:\Program Files\Unity\Hub\Editor\2020.2.6f1\Editor\Unity.exe
-adb2
-batchMode
-noUpm
-name
AssetImportWorker0
-projectPath
C:/Users/Cristian Benavides/Documents/PROYECTOS UNITY OTRAS VERSIONES/ProyectoRobot2
-logFile
Logs/AssetImportWorker0.log
-srvPort
58706
Successfully changed project path to: C:/Users/Cristian Benavides/Documents/PROYECTOS UNITY OTRAS VERSIONES/ProyectoRobot2
C:/Users/Cristian Benavides/Documents/PROYECTOS UNITY OTRAS VERSIONES/ProyectoRobot2
Using Asset Import Pipeline V2.
Refreshing native plugins compatible for Editor in 80.82 ms, found 0 plugins.
Preloading 0 native plugins for Editor in 0.00 ms.
Initialize engine version: 2020.2.6f1 (8a2143876886)
[Subsystems] Discovering subsystems at path C:/Program Files/Unity/Hub/Editor/2020.2.6f1/Editor/Data/Resources/UnitySubsystems
[Subsystems] Discovering subsystems at path C:/Users/Cristian Benavides/Documents/PROYECTOS UNITY OTRAS VERSIONES/ProyectoRobot2/Assets
GfxDevice: creating device client; threaded=0
Direct3D:
    Version:  Direct3D 11.0 [level 11.1]
    Renderer: AMD Radeon R7 Graphics (ID=0x9874)
    Vendor:   
    VRAM:     5606 MB
    Driver:   27.20.14501.28009
Initialize mono
Mono path[0] = 'C:/Program Files/Unity/Hub/Editor/2020.2.6f1/Editor/Data/Managed'
Mono path[1] = 'C:/Program Files/Unity/Hub/Editor/2020.2.6f1/Editor/Data/MonoBleedingEdge/lib/mono/unityjit'
Mono config path = 'C:/Program Files/Unity/Hub/Editor/2020.2.6f1/Editor/Data/MonoBleedingEdge/etc'
Using monoOptions --debugger-agent=transport=dt_socket,embedding=1,server=y,suspend=n,address=127.0.0.1:56784
Begin MonoManager ReloadAssembly
Registering precompiled unity dll's ...
Register platform support module: C:/Program Files/Unity/Hub/Editor/2020.2.6f1/Editor/Data/PlaybackEngines/WindowsStandaloneSupport/UnityEditor.WindowsStandalone.Extensions.dll
Registered in 0.004554 seconds.
Native extension for WindowsStandalone target not found
Refreshing native plugins compatible for Editor in 331.73 ms, found 0 plugins.
Preloading 0 native plugins for Editor in 0.00 ms.
Invoked RoslynAnalysisRunner static constructor.
RoslynAnalysisRunner will not be running.
RoslynAnalysisRunner has terminated.
Mono: successfully reloaded assembly
- Completed reload, in  5.244 seconds
Platform modules already initialized, skipping
Registering precompiled user dll's ...
Registered in 0.002392 seconds.
Begin MonoManager ReloadAssembly
Native extension for WindowsStandalone target not found
Refreshing native plugins compatible for Editor in 0.99 ms, found 0 plugins.
Preloading 0 native plugins for Editor in 0.00 ms.
Invoked RoslynAnalysisRunner static constructor.
RoslynAnalysisRunner will not be running.
RoslynAnalysisRunner has terminated.
Mono: successfully reloaded assembly
- Completed reload, in 13.974 seconds
Platform modules already initialized, skipping
========================================================================
Worker process is ready to serve import requests
Launched and connected shader compiler UnityShaderCompiler.exe after 0.30 seconds
Refreshing native plugins compatible for Editor in 0.90 ms, found 0 plugins.
Preloading 0 native plugins for Editor in 0.00 ms.
Unloading 1256 Unused Serialized files (Serialized files now loaded: 0)
System memory in use before: 63.1 MB.
System memory in use after: 63.2 MB.

Unloading 10 unused Assets to reduce memory usage. Loaded Objects now: 1704.
Total: 4.696600 ms (FindLiveObjects: 0.418300 ms CreateObjectMapping: 0.092400 ms MarkObjects: 3.989500 ms  DeleteObjects: 0.193900 ms)

========================================================================
Received Import Request.
  path: Assets/_Scripts/ScriptsGoods/PlayerController.cs
  artifactKey: Guid(e059e32e6b5994747847c75e5406593d) Importer(815301076,1909f56bfc062723c751e8b465ee728b)
Start importing Assets/_Scripts/ScriptsGoods/PlayerController.cs using Guid(e059e32e6b5994747847c75e5406593d) Importer(815301076,1909f56bfc062723c751e8b465ee728b)  -> (artifact id: '42a7ce7372df396ffd17e4e67a52fafd') in 0.812994 seconds
  Import took 0.821433 seconds .

========================================================================
Received Prepare
Registering precompiled user dll's ...
Registered in 0.005121 seconds.
Begin MonoManager ReloadAssembly
Native extension for WindowsStandalone target not found
Refreshing native plugins compatible for Editor in 0.64 ms, found 0 plugins.
Preloading 0 native plugins for Editor in 0.00 ms.
Invoked RoslynAnalysisRunner static constructor.
RoslynAnalysisRunner will not be running.
RoslynAnalysisRunner has terminated.
Mono: successfully reloaded assembly
- Completed reload, in 53.948 seconds
Platform modules already initialized, skipping
Refreshing native plugins compatible for Editor in 8.36 ms, found 0 plugins.
Preloading 0 native plugins for Editor in 0.00 ms.
Unloading 1250 Unused Serialized files (Serialized files now loaded: 0)
System memory in use before: 63.1 MB.
System memory in use after: 63.2 MB.

Unloading 5 unused Assets to reduce memory usage. Loaded Objects now: 1707.
Total: 9.093900 ms (FindLiveObjects: 0.399400 ms CreateObjectMapping: 0.107100 ms MarkObjects: 8.485300 ms  DeleteObjects: 0.098500 ms)

========================================================================
Received Prepare
Registering precompiled user dll's ...
Registered in 0.009481 seconds.
Begin MonoManager ReloadAssembly
Native extension for WindowsStandalone target not found
Refreshing native plugins compatible for Editor in 0.65 ms, found 0 plugins.
Preloading 0 native plugins for Editor in 0.00 ms.
Invoked RoslynAnalysisRunner static constructor.
RoslynAnalysisRunner will not be running.
RoslynAnalysisRunner has terminated.
Mono: successfully reloaded assembly
- Completed reload, in 18.153 seconds
Platform modules already initialized, skipping
Refreshing native plugins compatible for Editor in 0.61 ms, found 0 plugins.
Preloading 0 native plugins for Editor in 0.00 ms.
Unloading 1249 Unused Serialized files (Serialized files now loaded: 0)
System memory in use before: 63.0 MB.
System memory in use after: 63.1 MB.

Unloading 5 unused Assets to reduce memory usage. Loaded Objects now: 1709.
Total: 4.014900 ms (FindLiveObjects: 0.349600 ms CreateObjectMapping: 0.087700 ms MarkObjects: 3.543100 ms  DeleteObjects: 0.030800 ms)

========================================================================
Received Import Request.
  Time since last request: 601.638712 seconds.
  path: Assets/_Scripts/ScriptsGoods/PlayerController.cs
  artifactKey: Guid(e059e32e6b5994747847c75e5406593d) Importer(815301076,1909f56bfc062723c751e8b465ee728b)
Start importing Assets/_Scripts/ScriptsGoods/PlayerController.cs using Guid(e059e32e6b5994747847c75e5406593d) Importer(815301076,1909f56bfc062723c751e8b465ee728b)  -> (artifact id: '73ecdf6f6ec7cf764b43906d11680eca') in 0.058053 seconds
  Import took 0.063380 seconds .

========================================================================
Received Import Request.
  Time since last request: 4.426705 seconds.
  path: Assets/_Scripts/ScriptsGoods/PlayerController.cs
  artifactKey: Guid(e059e32e6b5994747847c75e5406593d) Importer(815301076,1909f56bfc062723c751e8b465ee728b)
Start importing Assets/_Scripts/ScriptsGoods/PlayerController.cs using Guid(e059e32e6b5994747847c75e5406593d) Importer(815301076,1909f56bfc062723c751e8b465ee728b)  -> (artifact id: '73ecdf6f6ec7cf764b43906d11680eca') in 0.049955 seconds
  Import took 0.077820 seconds .

========================================================================
Received Prepare
Registering precompiled user dll's ...
Registered in 0.003620 seconds.
Begin MonoManager ReloadAssembly
Native extension for WindowsStandalone target not found
Refreshing native plugins compatible for Editor in 0.52 ms, found 0 plugins.
Preloading 0 native plugins for Editor in 0.00 ms.
Invoked RoslynAnalysisRunner static constructor.
RoslynAnalysisRunner will not be running.
RoslynAnalysisRunner has terminated.
Mono: successfully reloaded assembly
- Completed reload, in  3.646 seconds
Platform modules already initialized, skipping
Refreshing native plugins compatible for Editor in 0.51 ms, found 0 plugins.
Preloading 0 native plugins for Editor in 0.00 ms.
Unloading 1249 Unused Serialized files (Serialized files now loaded: 0)
System memory in use before: 63.1 MB.
System memory in use after: 63.2 MB.

Unloading 5 unused Assets to reduce memory usage. Loaded Objects now: 1711.
Total: 8.880200 ms (FindLiveObjects: 3.818700 ms CreateObjectMapping: 0.125500 ms MarkObjects: 4.890300 ms  DeleteObjects: 0.042600 ms)

========================================================================
Received Prepare
Registering precompiled user dll's ...
Registered in 0.002308 seconds.
Begin MonoManager ReloadAssembly
Native extension for WindowsStandalone target not found
Refreshing native plugins compatible for Editor in 0.52 ms, found 0 plugins.
Preloading 0 native plugins for Editor in 0.00 ms.
Invoked RoslynAnalysisRunner static constructor.
RoslynAnalysisRunner will not be running.
RoslynAnalysisRunner has terminated.
Mono: successfully reloaded assembly
- Completed reload, in  2.817 seconds
Platform modules already initialized, skipping
Refreshing native plugins compatible for Editor in 0.64 ms, found 0 plugins.
Preloading 0 native plugins for Editor in 0.00 ms.
Unloading 1249 Unused Serialized files (Serialized files now loaded: 0)
System memory in use before: 63.1 MB.
System memory in use after: 63.2 MB.

Unloading 5 unused Assets to reduce memory usage. Loaded Objects now: 1713.
Total: 4.826500 ms (FindLiveObjects: 0.364500 ms CreateObjectMapping: 0.121600 ms MarkObjects: 4.293600 ms  DeleteObjects: 0.043200 ms)

========================================================================
Received Prepare
Registering precompiled user dll's ...
Registered in 0.008017 seconds.
Begin MonoManager ReloadAssembly
Native extension for WindowsStandalone target not found
Refreshing native plugins compatible for Editor in 0.57 ms, found 0 plugins.
Preloading 0 native plugins for Editor in 0.00 ms.
Invoked RoslynAnalysisRunner static constructor.
RoslynAnalysisRunner will not be running.
RoslynAnalysisRunner has terminated.
Mono: successfully reloaded assembly
- Completed reload, in  8.382 seconds
Platform modules already initialized, skipping
Refreshing native plugins compatible for Editor in 0.52 ms, found 0 plugins.
Preloading 0 native plugins for Editor in 0.00 ms.
Unloading 1249 Unused Serialized files (Serialized files now loaded: 0)
System memory in use before: 63.1 MB.
System memory in use after: 63.2 MB.

Unloading 5 unused Assets to reduce memory usage. Loaded Objects now: 1715.
Total: 16.311000 ms (FindLiveObjects: 0.360500 ms CreateObjectMapping: 0.203700 ms MarkObjects: 15.701700 ms  DeleteObjects: 0.041200 ms)

========================================================================
Received Prepare
Registering precompiled user dll's ...
Registered in 0.024483 seconds.
Begin MonoManager ReloadAssembly
Native extension for WindowsStandalone target not found
Refreshing native plugins compatible for Editor in 0.73 ms, found 0 plugins.
Preloading 0 native plugins for Editor in 0.00 ms.
Invoked RoslynAnalysisRunner static constructor.
RoslynAnalysisRunner will not be running.
RoslynAnalysisRunner has terminated.
Mono: successfully reloaded assembly
- Completed reload, in 22.999 seconds
Platform modules already initialized, skipping
Refreshing native plugins compatible for Editor in 0.93 ms, found 0 plugins.
Preloading 0 native plugins for Editor in 0.00 ms.
Unloading 1249 Unused Serialized files (Serialized files now loaded: 0)
System memory in use before: 63.1 MB.
System memory in use after: 63.2 MB.

Unloading 5 unused Assets to reduce memory usage. Loaded Objects now: 1717.
Total: 7.102800 ms (FindLiveObjects: 1.140900 ms CreateObjectMapping: 0.110800 ms MarkObjects: 5.809200 ms  DeleteObjects: 0.038200 ms)

========================================================================
Received Prepare
Registering precompiled user dll's ...
Registered in 0.011144 seconds.
Begin MonoManager ReloadAssembly
Native extension for WindowsStandalone target not found
Refreshing native plugins compatible for Editor in 0.95 ms, found 0 plugins.
Preloading 0 native plugins for Editor in 0.00 ms.
Invoked RoslynAnalysisRunner static constructor.
RoslynAnalysisRunner will not be running.
RoslynAnalysisRunner has terminated.
Mono: successfully reloaded assembly
- Completed reload, in  5.549 seconds
Platform modules already initialized, skipping
Refreshing native plugins compatible for Editor in 5.69 ms, found 0 plugins.
Preloading 0 native plugins for Editor in 0.00 ms.
Unloading 1249 Unused Serialized files (Serialized files now loaded: 0)
System memory in use before: 63.1 MB.
System memory in use after: 63.2 MB.

Unloading 5 unused Assets to reduce memory usage. Loaded Objects now: 1719.
Total: 6.021800 ms (FindLiveObjects: 0.533800 ms CreateObjectMapping: 0.201100 ms MarkObjects: 5.242700 ms  DeleteObjects: 0.040700 ms)

========================================================================
Received Prepare
Registering precompiled user dll's ...
Registered in 0.004098 seconds.
Begin MonoManager ReloadAssembly
Native extension for WindowsStandalone target not found
Refreshing native plugins compatible for Editor in 14.48 ms, found 0 plugins.
Preloading 0 native plugins for Editor in 0.00 ms.
Invoked RoslynAnalysisRunner static constructor.
RoslynAnalysisRunner will not be running.
RoslynAnalysisRunner has terminated.
Mono: successfully reloaded assembly
- Completed reload, in  7.856 seconds
Platform modules already initialized, skipping
Refreshing native plugins compatible for Editor in 0.73 ms, found 0 plugins.
Preloading 0 native plugins for Editor in 0.00 ms.
Unloading 1249 Unused Serialized files (Serialized files now loaded: 0)
System memory in use before: 63.1 MB.
System memory in use after: 63.2 MB.

Unloading 5 unused Assets to reduce memory usage. Loaded Objects now: 1721.
Total: 31.533900 ms (FindLiveObjects: 0.505100 ms CreateObjectMapping: 0.178900 ms MarkObjects: 30.789900 ms  DeleteObjects: 0.055600 ms)

========================================================================
Received Prepare
Registering precompiled user dll's ...
Registered in 0.006829 seconds.
Begin MonoManager ReloadAssembly
Native extension for WindowsStandalone target not found
Refreshing native plugins compatible for Editor in 0.70 ms, found 0 plugins.
Preloading 0 native plugins for Editor in 0.00 ms.
Invoked RoslynAnalysisRunner static constructor.
RoslynAnalysisRunner will not be running.
RoslynAnalysisRunner has terminated.
Mono: successfully reloaded assembly
- Completed reload, in 12.013 seconds
Platform modules already initialized, skipping
Refreshing native plugins compatible for Editor in 2.70 ms, found 0 plugins.
Preloading 0 native plugins for Editor in 0.00 ms.
Unloading 1249 Unused Serialized files (Serialized files now loaded: 0)
System memory in use before: 63.1 MB.
System memory in use after: 63.2 MB.

Unloading 5 unused Assets to reduce memory usage. Loaded Objects now: 1723.
Total: 5.880200 ms (FindLiveObjects: 0.697100 ms CreateObjectMapping: 0.155600 ms MarkObjects: 4.989600 ms  DeleteObjects: 0.035400 ms)

========================================================================
Received Import Request.
  Time since last request: 975.313283 seconds.
  path: Assets/Scenes/Level 3.unity
  artifactKey: Guid(f6f1f118ec27bea4693f3645bc33495e) Importer(815301076,1909f56bfc062723c751e8b465ee728b)
Start importing Assets/Scenes/Level 3.unity using Guid(f6f1f118ec27bea4693f3645bc33495e) Importer(815301076,1909f56bfc062723c751e8b465ee728b)  -> (artifact id: '55e787766124cbcc8c54601ec31d9c84') in 0.087151 seconds
  Import took 0.100519 seconds .

========================================================================
Received Import Request.
  Time since last request: 26.028577 seconds.
  path: Assets/Scenes/Level 2.unity
  artifactKey: Guid(435ff38f37abc9f49b51465be48e8184) Importer(815301076,1909f56bfc062723c751e8b465ee728b)
Start importing Assets/Scenes/Level 2.unity using Guid(435ff38f37abc9f49b51465be48e8184) Importer(815301076,1909f56bfc062723c751e8b465ee728b)  -> (artifact id: 'd155022a4007241f061d5fb19f440c9b') in 0.087253 seconds
  Import took 0.099369 seconds .

========================================================================
Received Prepare
Registering precompiled user dll's ...
Registered in 0.003147 seconds.
Begin MonoManager ReloadAssembly
Native extension for WindowsStandalone target not found
Refreshing native plugins compatible for Editor in 1.92 ms, found 0 plugins.
Preloading 0 native plugins for Editor in 0.00 ms.
Invoked RoslynAnalysisRunner static constructor.
RoslynAnalysisRunner will not be running.
RoslynAnalysisRunner has terminated.
Mono: successfully reloaded assembly
- Completed reload, in  2.883 seconds
Platform modules already initialized, skipping
Refreshing native plugins compatible for Editor in 0.59 ms, found 0 plugins.
Preloading 0 native plugins for Editor in 0.00 ms.
Unloading 1249 Unused Serialized files (Serialized files now loaded: 0)
System memory in use before: 63.1 MB.
System memory in use after: 63.2 MB.

Unloading 5 unused Assets to reduce memory usage. Loaded Objects now: 1725.
Total: 7.434700 ms (FindLiveObjects: 0.371200 ms CreateObjectMapping: 0.105600 ms MarkObjects: 6.918500 ms  DeleteObjects: 0.036100 ms)

AssetImportWorkerClient::OnTransportError - code=2 error=End of file
